2015/05/13 10:07:56 [error] [exception.CException] exception 'CException' with message 'Property "WLeftMenu.sidebarCaption" is not defined.' in /var/www/yii/framework/base/CComponent.php:130
Stack trace:
#0 /var/www/yii/sohu/protected/modules/evaluation/widgets/views/left_menu.php(1): CComponent->__get('sidebarCaption')
#1 /var/www/yii/framework/web/CBaseController.php(130): require('/var/www/yii/so...')
#2 /var/www/yii/sohu/protected/extensions/yii-debug-toolbar/YiiDebugViewRenderer.php(40): CBaseController->renderInternal('/var/www/yii/so...', NULL, false)
#3 /var/www/yii/framework/web/CBaseController.php(93): YiiDebugViewRenderer->renderFile(Object(WLeftMenu), '/var/www/yii/so...', NULL, false)
#4 /var/www/yii/framework/web/widgets/CWidget.php(244): CBaseController->renderFile('/var/www/yii/so...', NULL, false)
#5 /var/www/yii/sohu/protected/modules/evaluation/widgets/WLeftMenu.php(11): CWidget->render('left_menu')
#6 /var/www/yii/framework/web/CBaseController.php(173): WLeftMenu->run()
#7 /var/www/yii/sohu/themes/bootstrap/views/layouts/column2.php(12): CBaseController->widget('application.mod...')
#8 /var/www/yii/framework/web/CBaseController.php(126): require('/var/www/yii/so...')
#9 /var/www/yii/sohu/protected/extensions/yii-debug-toolbar/YiiDebugViewRenderer.php(40): CBaseController->renderInternal('/var/www/yii/so...', Array, true)
#10 /var/www/yii/framework/web/CBaseController.php(93): YiiDebugViewRenderer->renderFile(Object(EvaluationController), '/var/www/yii/so...', Array, true)
#11 /var/www/yii/framework/web/CController.php(784): CBaseController->renderFile('/var/www/yii/so...', Array, true)
#12 /var/www/yii/sohu/protected/modules/evaluation/controllers/EvaluationController.php(133): CController->render('index', Array)
#13 /var/www/yii/framework/web/actions/CInlineAction.php(49): EvaluationController->actionIndex()
#14 /var/www/yii/framework/web/CController.php(308): CInlineAction->runWithParams(Array)
#15 /var/www/yii/framework/web/filters/CFilterChain.php(133): CController->runAction(Object(CInlineAction))
#16 /var/www/yii/framework/web/filters/CFilter.php(40): CFilterChain->run()
#17 /var/www/yii/framework/web/CController.php(1145): CFilter->filter(Object(CFilterChain))
#18 /var/www/yii/framework/web/filters/CInlineFilter.php(58): CController->filterAccessControl(Object(CFilterChain))
#19 /var/www/yii/framework/web/filters/CFilterChain.php(130): CInlineFilter->filter(Object(CFilterChain))
#20 /var/www/yii/framework/web/CController.php(291): CFilterChain->run()
#21 /var/www/yii/framework/web/CController.php(265): CController->runActionWithFilters(Object(CInlineAction), Array)
#22 /var/www/yii/framework/web/CWebApplication.php(282): CController->run('index')
#23 /var/www/yii/framework/web/CWebApplication.php(141): CWebApplication->runController('evaluation/eval...')
#24 /var/www/yii/framework/base/CApplication.php(180): CWebApplication->processRequest()
#25 /var/www/yii/sohu/index.php(13): CApplication->run()
#26 {main}
REQUEST_URI=/index.php?r=evaluation/evaluation/index
---
2015/05/13 10:10:33 [error] [exception.CException] exception 'CException' with message 'Property "WLeftMenu.sidebarCaption" is not defined.' in /var/www/yii/framework/base/CComponent.php:130
Stack trace:
#0 /var/www/yii/sohu/protected/modules/evaluation/widgets/views/left_menu.php(1): CComponent->__get('sidebarCaption')
#1 /var/www/yii/framework/web/CBaseController.php(130): require('/var/www/yii/so...')
#2 /var/www/yii/sohu/protected/extensions/yii-debug-toolbar/YiiDebugViewRenderer.php(40): CBaseController->renderInternal('/var/www/yii/so...', NULL, false)
#3 /var/www/yii/framework/web/CBaseController.php(93): YiiDebugViewRenderer->renderFile(Object(WLeftMenu), '/var/www/yii/so...', NULL, false)
#4 /var/www/yii/framework/web/widgets/CWidget.php(244): CBaseController->renderFile('/var/www/yii/so...', NULL, false)
#5 /var/www/yii/sohu/protected/modules/evaluation/widgets/WLeftMenu.php(11): CWidget->render('left_menu')
#6 /var/www/yii/framework/web/CBaseController.php(173): WLeftMenu->run()
#7 /var/www/yii/sohu/themes/bootstrap/views/layouts/column2.php(12): CBaseController->widget('application.mod...')
#8 /var/www/yii/framework/web/CBaseController.php(126): require('/var/www/yii/so...')
#9 /var/www/yii/sohu/protected/extensions/yii-debug-toolbar/YiiDebugViewRenderer.php(40): CBaseController->renderInternal('/var/www/yii/so...', Array, true)
#10 /var/www/yii/framework/web/CBaseController.php(93): YiiDebugViewRenderer->renderFile(Object(EvaluationController), '/var/www/yii/so...', Array, true)
#11 /var/www/yii/framework/web/CController.php(784): CBaseController->renderFile('/var/www/yii/so...', Array, true)
#12 /var/www/yii/sohu/protected/modules/evaluation/controllers/EvaluationController.php(133): CController->render('index', Array)
#13 /var/www/yii/framework/web/actions/CInlineAction.php(49): EvaluationController->actionIndex()
#14 /var/www/yii/framework/web/CController.php(308): CInlineAction->runWithParams(Array)
#15 /var/www/yii/framework/web/filters/CFilterChain.php(133): CController->runAction(Object(CInlineAction))
#16 /var/www/yii/framework/web/filters/CFilter.php(40): CFilterChain->run()
#17 /var/www/yii/framework/web/CController.php(1145): CFilter->filter(Object(CFilterChain))
#18 /var/www/yii/framework/web/filters/CInlineFilter.php(58): CController->filterAccessControl(Object(CFilterChain))
#19 /var/www/yii/framework/web/filters/CFilterChain.php(130): CInlineFilter->filter(Object(CFilterChain))
#20 /var/www/yii/framework/web/CController.php(291): CFilterChain->run()
#21 /var/www/yii/framework/web/CController.php(265): CController->runActionWithFilters(Object(CInlineAction), Array)
#22 /var/www/yii/framework/web/CWebApplication.php(282): CController->run('index')
#23 /var/www/yii/framework/web/CWebApplication.php(141): CWebApplication->runController('evaluation/eval...')
#24 /var/www/yii/framework/base/CApplication.php(180): CWebApplication->processRequest()
#25 /var/www/yii/sohu/index.php(13): CApplication->run()
#26 {main}
REQUEST_URI=/index.php?r=evaluation/evaluation/index
---
2015/05/13 10:10:43 [error] [exception.CException] exception 'CException' with message 'Property "WLeftMenu.sidebarCaption" is not defined.' in /var/www/yii/framework/base/CComponent.php:130
Stack trace:
#0 /var/www/yii/sohu/protected/modules/evaluation/widgets/views/left_menu.php(1): CComponent->__get('sidebarCaption')
#1 /var/www/yii/framework/web/CBaseController.php(130): require('/var/www/yii/so...')
#2 /var/www/yii/sohu/protected/extensions/yii-debug-toolbar/YiiDebugViewRenderer.php(40): CBaseController->renderInternal('/var/www/yii/so...', NULL, false)
#3 /var/www/yii/framework/web/CBaseController.php(93): YiiDebugViewRenderer->renderFile(Object(WLeftMenu), '/var/www/yii/so...', NULL, false)
#4 /var/www/yii/framework/web/widgets/CWidget.php(244): CBaseController->renderFile('/var/www/yii/so...', NULL, false)
#5 /var/www/yii/sohu/protected/modules/evaluation/widgets/WLeftMenu.php(11): CWidget->render('left_menu')
#6 /var/www/yii/framework/web/CBaseController.php(173): WLeftMenu->run()
#7 /var/www/yii/sohu/themes/bootstrap/views/layouts/column2.php(12): CBaseController->widget('application.mod...')
#8 /var/www/yii/framework/web/CBaseController.php(126): require('/var/www/yii/so...')
#9 /var/www/yii/sohu/protected/extensions/yii-debug-toolbar/YiiDebugViewRenderer.php(40): CBaseController->renderInternal('/var/www/yii/so...', Array, true)
#10 /var/www/yii/framework/web/CBaseController.php(93): YiiDebugViewRenderer->renderFile(Object(EvaluationController), '/var/www/yii/so...', Array, true)
#11 /var/www/yii/framework/web/CController.php(784): CBaseController->renderFile('/var/www/yii/so...', Array, true)
#12 /var/www/yii/sohu/protected/modules/evaluation/controllers/EvaluationController.php(133): CController->render('index', Array)
#13 /var/www/yii/framework/web/actions/CInlineAction.php(49): EvaluationController->actionIndex()
#14 /var/www/yii/framework/web/CController.php(308): CInlineAction->runWithParams(Array)
#15 /var/www/yii/framework/web/filters/CFilterChain.php(133): CController->runAction(Object(CInlineAction))
#16 /var/www/yii/framework/web/filters/CFilter.php(40): CFilterChain->run()
#17 /var/www/yii/framework/web/CController.php(1145): CFilter->filter(Object(CFilterChain))
#18 /var/www/yii/framework/web/filters/CInlineFilter.php(58): CController->filterAccessControl(Object(CFilterChain))
#19 /var/www/yii/framework/web/filters/CFilterChain.php(130): CInlineFilter->filter(Object(CFilterChain))
#20 /var/www/yii/framework/web/CController.php(291): CFilterChain->run()
#21 /var/www/yii/framework/web/CController.php(265): CController->runActionWithFilters(Object(CInlineAction), Array)
#22 /var/www/yii/framework/web/CWebApplication.php(282): CController->run('index')
#23 /var/www/yii/framework/web/CWebApplication.php(141): CWebApplication->runController('evaluation/eval...')
#24 /var/www/yii/framework/base/CApplication.php(180): CWebApplication->processRequest()
#25 /var/www/yii/sohu/index.php(13): CApplication->run()
#26 {main}
REQUEST_URI=/index.php?r=evaluation/evaluation/index
---
2015/05/13 10:11:43 [error] [exception.CException] exception 'CException' with message 'Property "WLeftMenu.menu" is not defined.' in /var/www/yii/framework/base/CComponent.php:130
Stack trace:
#0 /var/www/yii/sohu/protected/modules/evaluation/widgets/views/left_menu.php(6): CComponent->__get('menu')
#1 /var/www/yii/framework/web/CBaseController.php(130): require('/var/www/yii/so...')
#2 /var/www/yii/sohu/protected/extensions/yii-debug-toolbar/YiiDebugViewRenderer.php(40): CBaseController->renderInternal('/var/www/yii/so...', NULL, false)
#3 /var/www/yii/framework/web/CBaseController.php(93): YiiDebugViewRenderer->renderFile(Object(WLeftMenu), '/var/www/yii/so...', NULL, false)
#4 /var/www/yii/framework/web/widgets/CWidget.php(244): CBaseController->renderFile('/var/www/yii/so...', NULL, false)
#5 /var/www/yii/sohu/protected/modules/evaluation/widgets/WLeftMenu.php(11): CWidget->render('left_menu')
#6 /var/www/yii/framework/web/CBaseController.php(173): WLeftMenu->run()
#7 /var/www/yii/sohu/themes/bootstrap/views/layouts/column2.php(14): CBaseController->widget('application.mod...')
#8 /var/www/yii/framework/web/CBaseController.php(126): require('/var/www/yii/so...')
#9 /var/www/yii/sohu/protected/extensions/yii-debug-toolbar/YiiDebugViewRenderer.php(40): CBaseController->renderInternal('/var/www/yii/so...', Array, true)
#10 /var/www/yii/framework/web/CBaseController.php(93): YiiDebugViewRenderer->renderFile(Object(EvaluationController), '/var/www/yii/so...', Array, true)
#11 /var/www/yii/framework/web/CController.php(784): CBaseController->renderFile('/var/www/yii/so...', Array, true)
#12 /var/www/yii/sohu/protected/modules/evaluation/controllers/EvaluationController.php(133): CController->render('index', Array)
#13 /var/www/yii/framework/web/actions/CInlineAction.php(49): EvaluationController->actionIndex()
#14 /var/www/yii/framework/web/CController.php(308): CInlineAction->runWithParams(Array)
#15 /var/www/yii/framework/web/filters/CFilterChain.php(133): CController->runAction(Object(CInlineAction))
#16 /var/www/yii/framework/web/filters/CFilter.php(40): CFilterChain->run()
#17 /var/www/yii/framework/web/CController.php(1145): CFilter->filter(Object(CFilterChain))
#18 /var/www/yii/framework/web/filters/CInlineFilter.php(58): CController->filterAccessControl(Object(CFilterChain))
#19 /var/www/yii/framework/web/filters/CFilterChain.php(130): CInlineFilter->filter(Object(CFilterChain))
#20 /var/www/yii/framework/web/CController.php(291): CFilterChain->run()
#21 /var/www/yii/framework/web/CController.php(265): CController->runActionWithFilters(Object(CInlineAction), Array)
#22 /var/www/yii/framework/web/CWebApplication.php(282): CController->run('index')
#23 /var/www/yii/framework/web/CWebApplication.php(141): CWebApplication->runController('evaluation/eval...')
#24 /var/www/yii/framework/base/CApplication.php(180): CWebApplication->processRequest()
#25 /var/www/yii/sohu/index.php(13): CApplication->run()
#26 {main}
REQUEST_URI=/index.php?r=evaluation/evaluation/index
---
2015/05/13 10:14:09 [error] [exception.CException] exception 'CException' with message 'Property "WLeftMenu.sidebarCaption" is not defined.' in /var/www/yii/framework/base/CComponent.php:173
Stack trace:
#0 /var/www/yii/framework/web/CWidgetFactory.php(161): CComponent->__set('sidebarCaption', 'Menu')
#1 /var/www/yii/framework/web/CBaseController.php(146): CWidgetFactory->createWidget(Object(EvaluationController), 'application.mod...', Array)
#2 /var/www/yii/framework/web/CBaseController.php(172): CBaseController->createWidget('application.mod...', Array)
#3 /var/www/yii/sohu/themes/bootstrap/views/layouts/column2.php(13): CBaseController->widget('application.mod...', Array)
#4 /var/www/yii/framework/web/CBaseController.php(126): require('/var/www/yii/so...')
#5 /var/www/yii/sohu/protected/extensions/yii-debug-toolbar/YiiDebugViewRenderer.php(40): CBaseController->renderInternal('/var/www/yii/so...', Array, true)
#6 /var/www/yii/framework/web/CBaseController.php(93): YiiDebugViewRenderer->renderFile(Object(EvaluationController), '/var/www/yii/so...', Array, true)
#7 /var/www/yii/framework/web/CController.php(784): CBaseController->renderFile('/var/www/yii/so...', Array, true)
#8 /var/www/yii/sohu/protected/modules/evaluation/controllers/EvaluationController.php(133): CController->render('index', Array)
#9 /var/www/yii/framework/web/actions/CInlineAction.php(49): EvaluationController->actionIndex()
#10 /var/www/yii/framework/web/CController.php(308): CInlineAction->runWithParams(Array)
#11 /var/www/yii/framework/web/filters/CFilterChain.php(133): CController->runAction(Object(CInlineAction))
#12 /var/www/yii/framework/web/filters/CFilter.php(40): CFilterChain->run()
#13 /var/www/yii/framework/web/CController.php(1145): CFilter->filter(Object(CFilterChain))
#14 /var/www/yii/framework/web/filters/CInlineFilter.php(58): CController->filterAccessControl(Object(CFilterChain))
#15 /var/www/yii/framework/web/filters/CFilterChain.php(130): CInlineFilter->filter(Object(CFilterChain))
#16 /var/www/yii/framework/web/CController.php(291): CFilterChain->run()
#17 /var/www/yii/framework/web/CController.php(265): CController->runActionWithFilters(Object(CInlineAction), Array)
#18 /var/www/yii/framework/web/CWebApplication.php(282): CController->run('index')
#19 /var/www/yii/framework/web/CWebApplication.php(141): CWebApplication->runController('evaluation/eval...')
#20 /var/www/yii/framework/base/CApplication.php(180): CWebApplication->processRequest()
#21 /var/www/yii/sohu/index.php(13): CApplication->run()
#22 {main}
REQUEST_URI=/index.php?r=evaluation/evaluation/index
---
2015/05/13 10:18:51 [error] [exception.CException] exception 'CException' with message 'Property "WLeftMenu.sidebarCaption" is not defined.' in /var/www/yii/framework/base/CComponent.php:173
Stack trace:
#0 /var/www/yii/framework/web/CWidgetFactory.php(161): CComponent->__set('sidebarCaption', 'Menu')
#1 /var/www/yii/framework/web/CBaseController.php(146): CWidgetFactory->createWidget(Object(EvaluationController), 'application.mod...', Array)
#2 /var/www/yii/framework/web/CBaseController.php(172): CBaseController->createWidget('application.mod...', Array)
#3 /var/www/yii/sohu/themes/bootstrap/views/layouts/column2.php(13): CBaseController->widget('application.mod...', Array)
#4 /var/www/yii/framework/web/CBaseController.php(126): require('/var/www/yii/so...')
#5 /var/www/yii/sohu/protected/extensions/yii-debug-toolbar/YiiDebugViewRenderer.php(40): CBaseController->renderInternal('/var/www/yii/so...', Array, true)
#6 /var/www/yii/framework/web/CBaseController.php(93): YiiDebugViewRenderer->renderFile(Object(EvaluationController), '/var/www/yii/so...', Array, true)
#7 /var/www/yii/framework/web/CController.php(784): CBaseController->renderFile('/var/www/yii/so...', Array, true)
#8 /var/www/yii/sohu/protected/modules/evaluation/controllers/EvaluationController.php(133): CController->render('index', Array)
#9 /var/www/yii/framework/web/actions/CInlineAction.php(49): EvaluationController->actionIndex()
#10 /var/www/yii/framework/web/CController.php(308): CInlineAction->runWithParams(Array)
#11 /var/www/yii/framework/web/filters/CFilterChain.php(133): CController->runAction(Object(CInlineAction))
#12 /var/www/yii/framework/web/filters/CFilter.php(40): CFilterChain->run()
#13 /var/www/yii/framework/web/CController.php(1145): CFilter->filter(Object(CFilterChain))
#14 /var/www/yii/framework/web/filters/CInlineFilter.php(58): CController->filterAccessControl(Object(CFilterChain))
#15 /var/www/yii/framework/web/filters/CFilterChain.php(130): CInlineFilter->filter(Object(CFilterChain))
#16 /var/www/yii/framework/web/CController.php(291): CFilterChain->run()
#17 /var/www/yii/framework/web/CController.php(265): CController->runActionWithFilters(Object(CInlineAction), Array)
#18 /var/www/yii/framework/web/CWebApplication.php(282): CController->run('index')
#19 /var/www/yii/framework/web/CWebApplication.php(141): CWebApplication->runController('evaluation/eval...')
#20 /var/www/yii/framework/base/CApplication.php(180): CWebApplication->processRequest()
#21 /var/www/yii/sohu/index.php(13): CApplication->run()
#22 {main}
REQUEST_URI=/index.php?r=evaluation/evaluation/index
---
2015/05/13 10:19:10 [error] [exception.CException] exception 'CException' with message 'Property "WLeftMenu.sidebarCaption" is not defined.' in /var/www/yii/framework/base/CComponent.php:173
Stack trace:
#0 /var/www/yii/framework/web/CWidgetFactory.php(161): CComponent->__set('sidebarCaption', 'Menu')
#1 /var/www/yii/framework/web/CBaseController.php(146): CWidgetFactory->createWidget(Object(EvaluationController), 'application.mod...', Array)
#2 /var/www/yii/framework/web/CBaseController.php(172): CBaseController->createWidget('application.mod...', Array)
#3 /var/www/yii/sohu/themes/bootstrap/views/layouts/column2.php(13): CBaseController->widget('application.mod...', Array)
#4 /var/www/yii/framework/web/CBaseController.php(126): require('/var/www/yii/so...')
#5 /var/www/yii/sohu/protected/extensions/yii-debug-toolbar/YiiDebugViewRenderer.php(40): CBaseController->renderInternal('/var/www/yii/so...', Array, true)
#6 /var/www/yii/framework/web/CBaseController.php(93): YiiDebugViewRenderer->renderFile(Object(EvaluationController), '/var/www/yii/so...', Array, true)
#7 /var/www/yii/framework/web/CController.php(784): CBaseController->renderFile('/var/www/yii/so...', Array, true)
#8 /var/www/yii/sohu/protected/modules/evaluation/controllers/EvaluationController.php(133): CController->render('index', Array)
#9 /var/www/yii/framework/web/actions/CInlineAction.php(49): EvaluationController->actionIndex()
#10 /var/www/yii/framework/web/CController.php(308): CInlineAction->runWithParams(Array)
#11 /var/www/yii/framework/web/filters/CFilterChain.php(133): CController->runAction(Object(CInlineAction))
#12 /var/www/yii/framework/web/filters/CFilter.php(40): CFilterChain->run()
#13 /var/www/yii/framework/web/CController.php(1145): CFilter->filter(Object(CFilterChain))
#14 /var/www/yii/framework/web/filters/CInlineFilter.php(58): CController->filterAccessControl(Object(CFilterChain))
#15 /var/www/yii/framework/web/filters/CFilterChain.php(130): CInlineFilter->filter(Object(CFilterChain))
#16 /var/www/yii/framework/web/CController.php(291): CFilterChain->run()
#17 /var/www/yii/framework/web/CController.php(265): CController->runActionWithFilters(Object(CInlineAction), Array)
#18 /var/www/yii/framework/web/CWebApplication.php(282): CController->run('index')
#19 /var/www/yii/framework/web/CWebApplication.php(141): CWebApplication->runController('evaluation/eval...')
#20 /var/www/yii/framework/base/CApplication.php(180): CWebApplication->processRequest()
#21 /var/www/yii/sohu/index.php(13): CApplication->run()
#22 {main}
REQUEST_URI=/index.php?r=evaluation/evaluation/index
---
2015/05/13 10:21:25 [error] [exception.CException] exception 'CException' with message 'Property "WLeftMenu.sidebarCaption" is not defined.' in /var/www/yii/framework/base/CComponent.php:173
Stack trace:
#0 /var/www/yii/framework/web/CWidgetFactory.php(161): CComponent->__set('sidebarCaption', 'Menu')
#1 /var/www/yii/framework/web/CBaseController.php(146): CWidgetFactory->createWidget(Object(EvaluationController), 'application.mod...', Array)
#2 /var/www/yii/framework/web/CBaseController.php(172): CBaseController->createWidget('application.mod...', Array)
#3 /var/www/yii/sohu/themes/bootstrap/views/layouts/column2.php(13): CBaseController->widget('application.mod...', Array)
#4 /var/www/yii/framework/web/CBaseController.php(126): require('/var/www/yii/so...')
#5 /var/www/yii/sohu/protected/extensions/yii-debug-toolbar/YiiDebugViewRenderer.php(40): CBaseController->renderInternal('/var/www/yii/so...', Array, true)
#6 /var/www/yii/framework/web/CBaseController.php(93): YiiDebugViewRenderer->renderFile(Object(EvaluationController), '/var/www/yii/so...', Array, true)
#7 /var/www/yii/framework/web/CController.php(784): CBaseController->renderFile('/var/www/yii/so...', Array, true)
#8 /var/www/yii/sohu/protected/modules/evaluation/controllers/EvaluationController.php(133): CController->render('index', Array)
#9 /var/www/yii/framework/web/actions/CInlineAction.php(49): EvaluationController->actionIndex()
#10 /var/www/yii/framework/web/CController.php(308): CInlineAction->runWithParams(Array)
#11 /var/www/yii/framework/web/filters/CFilterChain.php(133): CController->runAction(Object(CInlineAction))
#12 /var/www/yii/framework/web/filters/CFilter.php(40): CFilterChain->run()
#13 /var/www/yii/framework/web/CController.php(1145): CFilter->filter(Object(CFilterChain))
#14 /var/www/yii/framework/web/filters/CInlineFilter.php(58): CController->filterAccessControl(Object(CFilterChain))
#15 /var/www/yii/framework/web/filters/CFilterChain.php(130): CInlineFilter->filter(Object(CFilterChain))
#16 /var/www/yii/framework/web/CController.php(291): CFilterChain->run()
#17 /var/www/yii/framework/web/CController.php(265): CController->runActionWithFilters(Object(CInlineAction), Array)
#18 /var/www/yii/framework/web/CWebApplication.php(282): CController->run('index')
#19 /var/www/yii/framework/web/CWebApplication.php(141): CWebApplication->runController('evaluation/eval...')
#20 /var/www/yii/framework/base/CApplication.php(180): CWebApplication->processRequest()
#21 /var/www/yii/sohu/index.php(13): CApplication->run()
#22 {main}
REQUEST_URI=/index.php?r=evaluation/evaluation/index
---
2015/05/13 10:22:43 [error] [exception.CException] exception 'CException' with message 'Property "WLeftMenu.sidebarCaption" is not defined.' in /var/www/yii/framework/base/CComponent.php:173
Stack trace:
#0 /var/www/yii/framework/web/CWidgetFactory.php(161): CComponent->__set('sidebarCaption', 'Menu')
#1 /var/www/yii/framework/web/CBaseController.php(146): CWidgetFactory->createWidget(Object(EvaluationController), 'application.mod...', Array)
#2 /var/www/yii/framework/web/CBaseController.php(172): CBaseController->createWidget('application.mod...', Array)
#3 /var/www/yii/sohu/themes/bootstrap/views/layouts/column2.php(13): CBaseController->widget('application.mod...', Array)
#4 /var/www/yii/framework/web/CBaseController.php(126): require('/var/www/yii/so...')
#5 /var/www/yii/sohu/protected/extensions/yii-debug-toolbar/YiiDebugViewRenderer.php(40): CBaseController->renderInternal('/var/www/yii/so...', Array, true)
#6 /var/www/yii/framework/web/CBaseController.php(93): YiiDebugViewRenderer->renderFile(Object(EvaluationController), '/var/www/yii/so...', Array, true)
#7 /var/www/yii/framework/web/CController.php(784): CBaseController->renderFile('/var/www/yii/so...', Array, true)
#8 /var/www/yii/sohu/protected/modules/evaluation/controllers/EvaluationController.php(133): CController->render('index', Array)
#9 /var/www/yii/framework/web/actions/CInlineAction.php(49): EvaluationController->actionIndex()
#10 /var/www/yii/framework/web/CController.php(308): CInlineAction->runWithParams(Array)
#11 /var/www/yii/framework/web/filters/CFilterChain.php(133): CController->runAction(Object(CInlineAction))
#12 /var/www/yii/framework/web/filters/CFilter.php(40): CFilterChain->run()
#13 /var/www/yii/framework/web/CController.php(1145): CFilter->filter(Object(CFilterChain))
#14 /var/www/yii/framework/web/filters/CInlineFilter.php(58): CController->filterAccessControl(Object(CFilterChain))
#15 /var/www/yii/framework/web/filters/CFilterChain.php(130): CInlineFilter->filter(Object(CFilterChain))
#16 /var/www/yii/framework/web/CController.php(291): CFilterChain->run()
#17 /var/www/yii/framework/web/CController.php(265): CController->runActionWithFilters(Object(CInlineAction), Array)
#18 /var/www/yii/framework/web/CWebApplication.php(282): CController->run('index')
#19 /var/www/yii/framework/web/CWebApplication.php(141): CWebApplication->runController('evaluation/eval...')
#20 /var/www/yii/framework/base/CApplication.php(180): CWebApplication->processRequest()
#21 /var/www/yii/sohu/index.php(13): CApplication->run()
#22 {main}
REQUEST_URI=/index.php?r=evaluation/evaluation/index
---
2015/05/13 10:22:43 [error] [exception.CException] exception 'CException' with message 'Property "WLeftMenu.sidebarCaption" is not defined.' in /var/www/yii/framework/base/CComponent.php:173
Stack trace:
#0 /var/www/yii/framework/web/CWidgetFactory.php(161): CComponent->__set('sidebarCaption', 'Menu')
#1 /var/www/yii/framework/web/CBaseController.php(146): CWidgetFactory->createWidget(Object(EvaluationController), 'application.mod...', Array)
#2 /var/www/yii/framework/web/CBaseController.php(172): CBaseController->createWidget('application.mod...', Array)
#3 /var/www/yii/sohu/themes/bootstrap/views/layouts/column2.php(13): CBaseController->widget('application.mod...', Array)
#4 /var/www/yii/framework/web/CBaseController.php(126): require('/var/www/yii/so...')
#5 /var/www/yii/sohu/protected/extensions/yii-debug-toolbar/YiiDebugViewRenderer.php(40): CBaseController->renderInternal('/var/www/yii/so...', Array, true)
#6 /var/www/yii/framework/web/CBaseController.php(93): YiiDebugViewRenderer->renderFile(Object(EvaluationController), '/var/www/yii/so...', Array, true)
#7 /var/www/yii/framework/web/CController.php(784): CBaseController->renderFile('/var/www/yii/so...', Array, true)
#8 /var/www/yii/sohu/protected/modules/evaluation/controllers/EvaluationController.php(133): CController->render('index', Array)
#9 /var/www/yii/framework/web/actions/CInlineAction.php(49): EvaluationController->actionIndex()
#10 /var/www/yii/framework/web/CController.php(308): CInlineAction->runWithParams(Array)
#11 /var/www/yii/framework/web/filters/CFilterChain.php(133): CController->runAction(Object(CInlineAction))
#12 /var/www/yii/framework/web/filters/CFilter.php(40): CFilterChain->run()
#13 /var/www/yii/framework/web/CController.php(1145): CFilter->filter(Object(CFilterChain))
#14 /var/www/yii/framework/web/filters/CInlineFilter.php(58): CController->filterAccessControl(Object(CFilterChain))
#15 /var/www/yii/framework/web/filters/CFilterChain.php(130): CInlineFilter->filter(Object(CFilterChain))
#16 /var/www/yii/framework/web/CController.php(291): CFilterChain->run()
#17 /var/www/yii/framework/web/CController.php(265): CController->runActionWithFilters(Object(CInlineAction), Array)
#18 /var/www/yii/framework/web/CWebApplication.php(282): CController->run('index')
#19 /var/www/yii/framework/web/CWebApplication.php(141): CWebApplication->runController('evaluation/eval...')
#20 /var/www/yii/framework/base/CApplication.php(180): CWebApplication->processRequest()
#21 /var/www/yii/sohu/index.php(13): CApplication->run()
#22 {main}
REQUEST_URI=/index.php?r=evaluation/evaluation/index
---
2015/05/13 10:22:47 [error] [exception.CException] exception 'CException' with message 'Property "WLeftMenu.sidebarCaption" is not defined.' in /var/www/yii/framework/base/CComponent.php:173
Stack trace:
#0 /var/www/yii/framework/web/CWidgetFactory.php(161): CComponent->__set('sidebarCaption', 'Menu')
#1 /var/www/yii/framework/web/CBaseController.php(146): CWidgetFactory->createWidget(Object(EvaluationController), 'application.mod...', Array)
#2 /var/www/yii/framework/web/CBaseController.php(172): CBaseController->createWidget('application.mod...', Array)
#3 /var/www/yii/sohu/themes/bootstrap/views/layouts/column2.php(13): CBaseController->widget('application.mod...', Array)
#4 /var/www/yii/framework/web/CBaseController.php(126): require('/var/www/yii/so...')
#5 /var/www/yii/sohu/protected/extensions/yii-debug-toolbar/YiiDebugViewRenderer.php(40): CBaseController->renderInternal('/var/www/yii/so...', Array, true)
#6 /var/www/yii/framework/web/CBaseController.php(93): YiiDebugViewRenderer->renderFile(Object(EvaluationController), '/var/www/yii/so...', Array, true)
#7 /var/www/yii/framework/web/CController.php(784): CBaseController->renderFile('/var/www/yii/so...', Array, true)
#8 /var/www/yii/sohu/protected/modules/evaluation/controllers/EvaluationController.php(133): CController->render('index', Array)
#9 /var/www/yii/framework/web/actions/CInlineAction.php(49): EvaluationController->actionIndex()
#10 /var/www/yii/framework/web/CController.php(308): CInlineAction->runWithParams(Array)
#11 /var/www/yii/framework/web/filters/CFilterChain.php(133): CController->runAction(Object(CInlineAction))
#12 /var/www/yii/framework/web/filters/CFilter.php(40): CFilterChain->run()
#13 /var/www/yii/framework/web/CController.php(1145): CFilter->filter(Object(CFilterChain))
#14 /var/www/yii/framework/web/filters/CInlineFilter.php(58): CController->filterAccessControl(Object(CFilterChain))
#15 /var/www/yii/framework/web/filters/CFilterChain.php(130): CInlineFilter->filter(Object(CFilterChain))
#16 /var/www/yii/framework/web/CController.php(291): CFilterChain->run()
#17 /var/www/yii/framework/web/CController.php(265): CController->runActionWithFilters(Object(CInlineAction), Array)
#18 /var/www/yii/framework/web/CWebApplication.php(282): CController->run('index')
#19 /var/www/yii/framework/web/CWebApplication.php(141): CWebApplication->runController('evaluation/eval...')
#20 /var/www/yii/framework/base/CApplication.php(180): CWebApplication->processRequest()
#21 /var/www/yii/sohu/index.php(13): CApplication->run()
#22 {main}
REQUEST_URI=/index.php?r=evaluation/evaluation/index
---
2015/05/13 10:22:47 [error] [exception.CException] exception 'CException' with message 'Property "WLeftMenu.sidebarCaption" is not defined.' in /var/www/yii/framework/base/CComponent.php:173
Stack trace:
#0 /var/www/yii/framework/web/CWidgetFactory.php(161): CComponent->__set('sidebarCaption', 'Menu')
#1 /var/www/yii/framework/web/CBaseController.php(146): CWidgetFactory->createWidget(Object(EvaluationController), 'application.mod...', Array)
#2 /var/www/yii/framework/web/CBaseController.php(172): CBaseController->createWidget('application.mod...', Array)
#3 /var/www/yii/sohu/themes/bootstrap/views/layouts/column2.php(13): CBaseController->widget('application.mod...', Array)
#4 /var/www/yii/framework/web/CBaseController.php(126): require('/var/www/yii/so...')
#5 /var/www/yii/sohu/protected/extensions/yii-debug-toolbar/YiiDebugViewRenderer.php(40): CBaseController->renderInternal('/var/www/yii/so...', Array, true)
#6 /var/www/yii/framework/web/CBaseController.php(93): YiiDebugViewRenderer->renderFile(Object(EvaluationController), '/var/www/yii/so...', Array, true)
#7 /var/www/yii/framework/web/CController.php(784): CBaseController->renderFile('/var/www/yii/so...', Array, true)
#8 /var/www/yii/sohu/protected/modules/evaluation/controllers/EvaluationController.php(133): CController->render('index', Array)
#9 /var/www/yii/framework/web/actions/CInlineAction.php(49): EvaluationController->actionIndex()
#10 /var/www/yii/framework/web/CController.php(308): CInlineAction->runWithParams(Array)
#11 /var/www/yii/framework/web/filters/CFilterChain.php(133): CController->runAction(Object(CInlineAction))
#12 /var/www/yii/framework/web/filters/CFilter.php(40): CFilterChain->run()
#13 /var/www/yii/framework/web/CController.php(1145): CFilter->filter(Object(CFilterChain))
#14 /var/www/yii/framework/web/filters/CInlineFilter.php(58): CController->filterAccessControl(Object(CFilterChain))
#15 /var/www/yii/framework/web/filters/CFilterChain.php(130): CInlineFilter->filter(Object(CFilterChain))
#16 /var/www/yii/framework/web/CController.php(291): CFilterChain->run()
#17 /var/www/yii/framework/web/CController.php(265): CController->runActionWithFilters(Object(CInlineAction), Array)
#18 /var/www/yii/framework/web/CWebApplication.php(282): CController->run('index')
#19 /var/www/yii/framework/web/CWebApplication.php(141): CWebApplication->runController('evaluation/eval...')
#20 /var/www/yii/framework/base/CApplication.php(180): CWebApplication->processRequest()
#21 /var/www/yii/sohu/index.php(13): CApplication->run()
#22 {main}
REQUEST_URI=/index.php?r=evaluation/evaluation/index
---
2015/05/13 10:26:53 [error] [exception.CException] exception 'CException' with message 'Property "WLeftMenu.sidebarCaption" is not defined.' in /var/www/yii/framework/base/CComponent.php:173
Stack trace:
#0 /var/www/yii/framework/web/CWidgetFactory.php(161): CComponent->__set('sidebarCaption', 'Menu')
#1 /var/www/yii/framework/web/CBaseController.php(146): CWidgetFactory->createWidget(Object(EvaluationController), 'application.mod...', Array)
#2 /var/www/yii/framework/web/CBaseController.php(172): CBaseController->createWidget('application.mod...', Array)
#3 /var/www/yii/sohu/themes/bootstrap/views/layouts/column2.php(12): CBaseController->widget('application.mod...', Array)
#4 /var/www/yii/framework/web/CBaseController.php(126): require('/var/www/yii/so...')
#5 /var/www/yii/sohu/protected/extensions/yii-debug-toolbar/YiiDebugViewRenderer.php(40): CBaseController->renderInternal('/var/www/yii/so...', Array, true)
#6 /var/www/yii/framework/web/CBaseController.php(93): YiiDebugViewRenderer->renderFile(Object(EvaluationController), '/var/www/yii/so...', Array, true)
#7 /var/www/yii/framework/web/CController.php(784): CBaseController->renderFile('/var/www/yii/so...', Array, true)
#8 /var/www/yii/sohu/protected/modules/evaluation/controllers/EvaluationController.php(133): CController->render('index', Array)
#9 /var/www/yii/framework/web/actions/CInlineAction.php(49): EvaluationController->actionIndex()
#10 /var/www/yii/framework/web/CController.php(308): CInlineAction->runWithParams(Array)
#11 /var/www/yii/framework/web/filters/CFilterChain.php(133): CController->runAction(Object(CInlineAction))
#12 /var/www/yii/framework/web/filters/CFilter.php(40): CFilterChain->run()
#13 /var/www/yii/framework/web/CController.php(1145): CFilter->filter(Object(CFilterChain))
#14 /var/www/yii/framework/web/filters/CInlineFilter.php(58): CController->filterAccessControl(Object(CFilterChain))
#15 /var/www/yii/framework/web/filters/CFilterChain.php(130): CInlineFilter->filter(Object(CFilterChain))
#16 /var/www/yii/framework/web/CController.php(291): CFilterChain->run()
#17 /var/www/yii/framework/web/CController.php(265): CController->runActionWithFilters(Object(CInlineAction), Array)
#18 /var/www/yii/framework/web/CWebApplication.php(282): CController->run('index')
#19 /var/www/yii/framework/web/CWebApplication.php(141): CWebApplication->runController('evaluation/eval...')
#20 /var/www/yii/framework/base/CApplication.php(180): CWebApplication->processRequest()
#21 /var/www/yii/sohu/index.php(13): CApplication->run()
#22 {main}
REQUEST_URI=/index.php?r=evaluation/evaluation/index
---
2015/05/13 10:26:54 [error] [exception.CException] exception 'CException' with message 'Property "WLeftMenu.sidebarCaption" is not defined.' in /var/www/yii/framework/base/CComponent.php:173
Stack trace:
#0 /var/www/yii/framework/web/CWidgetFactory.php(161): CComponent->__set('sidebarCaption', 'Menu')
#1 /var/www/yii/framework/web/CBaseController.php(146): CWidgetFactory->createWidget(Object(EvaluationController), 'application.mod...', Array)
#2 /var/www/yii/framework/web/CBaseController.php(172): CBaseController->createWidget('application.mod...', Array)
#3 /var/www/yii/sohu/themes/bootstrap/views/layouts/column2.php(12): CBaseController->widget('application.mod...', Array)
#4 /var/www/yii/framework/web/CBaseController.php(126): require('/var/www/yii/so...')
#5 /var/www/yii/sohu/protected/extensions/yii-debug-toolbar/YiiDebugViewRenderer.php(40): CBaseController->renderInternal('/var/www/yii/so...', Array, true)
#6 /var/www/yii/framework/web/CBaseController.php(93): YiiDebugViewRenderer->renderFile(Object(EvaluationController), '/var/www/yii/so...', Array, true)
#7 /var/www/yii/framework/web/CController.php(784): CBaseController->renderFile('/var/www/yii/so...', Array, true)
#8 /var/www/yii/sohu/protected/modules/evaluation/controllers/EvaluationController.php(133): CController->render('index', Array)
#9 /var/www/yii/framework/web/actions/CInlineAction.php(49): EvaluationController->actionIndex()
#10 /var/www/yii/framework/web/CController.php(308): CInlineAction->runWithParams(Array)
#11 /var/www/yii/framework/web/filters/CFilterChain.php(133): CController->runAction(Object(CInlineAction))
#12 /var/www/yii/framework/web/filters/CFilter.php(40): CFilterChain->run()
#13 /var/www/yii/framework/web/CController.php(1145): CFilter->filter(Object(CFilterChain))
#14 /var/www/yii/framework/web/filters/CInlineFilter.php(58): CController->filterAccessControl(Object(CFilterChain))
#15 /var/www/yii/framework/web/filters/CFilterChain.php(130): CInlineFilter->filter(Object(CFilterChain))
#16 /var/www/yii/framework/web/CController.php(291): CFilterChain->run()
#17 /var/www/yii/framework/web/CController.php(265): CController->runActionWithFilters(Object(CInlineAction), Array)
#18 /var/www/yii/framework/web/CWebApplication.php(282): CController->run('index')
#19 /var/www/yii/framework/web/CWebApplication.php(141): CWebApplication->runController('evaluation/eval...')
#20 /var/www/yii/framework/base/CApplication.php(180): CWebApplication->processRequest()
#21 /var/www/yii/sohu/index.php(13): CApplication->run()
#22 {main}
REQUEST_URI=/index.php?r=evaluation/evaluation/index
---
2015/05/13 10:31:25 [error] [exception.CException] exception 'CException' with message 'Property "WLeftMenu.sidebarCaption" is not defined.' in /var/www/yii/framework/base/CComponent.php:173
Stack trace:
#0 /var/www/yii/framework/web/CWidgetFactory.php(161): CComponent->__set('sidebarCaption', 'Menu')
#1 /var/www/yii/framework/web/CBaseController.php(146): CWidgetFactory->createWidget(Object(EvaluationController), 'application.mod...', Array)
#2 /var/www/yii/framework/web/CBaseController.php(172): CBaseController->createWidget('application.mod...', Array)
#3 /var/www/yii/sohu/themes/bootstrap/views/layouts/column2.php(12): CBaseController->widget('application.mod...', Array)
#4 /var/www/yii/framework/web/CBaseController.php(126): require('/var/www/yii/so...')
#5 /var/www/yii/sohu/protected/extensions/yii-debug-toolbar/YiiDebugViewRenderer.php(40): CBaseController->renderInternal('/var/www/yii/so...', Array, true)
#6 /var/www/yii/framework/web/CBaseController.php(93): YiiDebugViewRenderer->renderFile(Object(EvaluationController), '/var/www/yii/so...', Array, true)
#7 /var/www/yii/framework/web/CController.php(784): CBaseController->renderFile('/var/www/yii/so...', Array, true)
#8 /var/www/yii/sohu/protected/modules/evaluation/controllers/EvaluationController.php(133): CController->render('index', Array)
#9 /var/www/yii/framework/web/actions/CInlineAction.php(49): EvaluationController->actionIndex()
#10 /var/www/yii/framework/web/CController.php(308): CInlineAction->runWithParams(Array)
#11 /var/www/yii/framework/web/filters/CFilterChain.php(133): CController->runAction(Object(CInlineAction))
#12 /var/www/yii/framework/web/filters/CFilter.php(40): CFilterChain->run()
#13 /var/www/yii/framework/web/CController.php(1145): CFilter->filter(Object(CFilterChain))
#14 /var/www/yii/framework/web/filters/CInlineFilter.php(58): CController->filterAccessControl(Object(CFilterChain))
#15 /var/www/yii/framework/web/filters/CFilterChain.php(130): CInlineFilter->filter(Object(CFilterChain))
#16 /var/www/yii/framework/web/CController.php(291): CFilterChain->run()
#17 /var/www/yii/framework/web/CController.php(265): CController->runActionWithFilters(Object(CInlineAction), Array)
#18 /var/www/yii/framework/web/CWebApplication.php(282): CController->run('index')
#19 /var/www/yii/framework/web/CWebApplication.php(141): CWebApplication->runController('evaluation/eval...')
#20 /var/www/yii/framework/base/CApplication.php(180): CWebApplication->processRequest()
#21 /var/www/yii/sohu/index.php(13): CApplication->run()
#22 {main}
REQUEST_URI=/index.php?r=evaluation/evaluation/index
---
2015/05/13 10:31:27 [error] [exception.CException] exception 'CException' with message 'Property "WLeftMenu.sidebarCaption" is not defined.' in /var/www/yii/framework/base/CComponent.php:173
Stack trace:
#0 /var/www/yii/framework/web/CWidgetFactory.php(161): CComponent->__set('sidebarCaption', 'Menu')
#1 /var/www/yii/framework/web/CBaseController.php(146): CWidgetFactory->createWidget(Object(EvaluationController), 'application.mod...', Array)
#2 /var/www/yii/framework/web/CBaseController.php(172): CBaseController->createWidget('application.mod...', Array)
#3 /var/www/yii/sohu/themes/bootstrap/views/layouts/column2.php(12): CBaseController->widget('application.mod...', Array)
#4 /var/www/yii/framework/web/CBaseController.php(126): require('/var/www/yii/so...')
#5 /var/www/yii/sohu/protected/extensions/yii-debug-toolbar/YiiDebugViewRenderer.php(40): CBaseController->renderInternal('/var/www/yii/so...', Array, true)
#6 /var/www/yii/framework/web/CBaseController.php(93): YiiDebugViewRenderer->renderFile(Object(EvaluationController), '/var/www/yii/so...', Array, true)
#7 /var/www/yii/framework/web/CController.php(784): CBaseController->renderFile('/var/www/yii/so...', Array, true)
#8 /var/www/yii/sohu/protected/modules/evaluation/controllers/EvaluationController.php(133): CController->render('index', Array)
#9 /var/www/yii/framework/web/actions/CInlineAction.php(49): EvaluationController->actionIndex()
#10 /var/www/yii/framework/web/CController.php(308): CInlineAction->runWithParams(Array)
#11 /var/www/yii/framework/web/filters/CFilterChain.php(133): CController->runAction(Object(CInlineAction))
#12 /var/www/yii/framework/web/filters/CFilter.php(40): CFilterChain->run()
#13 /var/www/yii/framework/web/CController.php(1145): CFilter->filter(Object(CFilterChain))
#14 /var/www/yii/framework/web/filters/CInlineFilter.php(58): CController->filterAccessControl(Object(CFilterChain))
#15 /var/www/yii/framework/web/filters/CFilterChain.php(130): CInlineFilter->filter(Object(CFilterChain))
#16 /var/www/yii/framework/web/CController.php(291): CFilterChain->run()
#17 /var/www/yii/framework/web/CController.php(265): CController->runActionWithFilters(Object(CInlineAction), Array)
#18 /var/www/yii/framework/web/CWebApplication.php(282): CController->run('index')
#19 /var/www/yii/framework/web/CWebApplication.php(141): CWebApplication->runController('evaluation/eval...')
#20 /var/www/yii/framework/base/CApplication.php(180): CWebApplication->processRequest()
#21 /var/www/yii/sohu/index.php(13): CApplication->run()
#22 {main}
REQUEST_URI=/index.php?r=evaluation/evaluation/index
---
2015/05/13 10:31:34 [error] [exception.CException] exception 'CException' with message 'Property "WLeftMenu.sidebarCaption" is not defined.' in /var/www/yii/framework/base/CComponent.php:173
Stack trace:
#0 /var/www/yii/framework/web/CWidgetFactory.php(161): CComponent->__set('sidebarCaption', 'Menu')
#1 /var/www/yii/framework/web/CBaseController.php(146): CWidgetFactory->createWidget(Object(EvaluationController), 'application.mod...', Array)
#2 /var/www/yii/framework/web/CBaseController.php(172): CBaseController->createWidget('application.mod...', Array)
#3 /var/www/yii/sohu/themes/bootstrap/views/layouts/column2.php(12): CBaseController->widget('application.mod...', Array)
#4 /var/www/yii/framework/web/CBaseController.php(126): require('/var/www/yii/so...')
#5 /var/www/yii/sohu/protected/extensions/yii-debug-toolbar/YiiDebugViewRenderer.php(40): CBaseController->renderInternal('/var/www/yii/so...', Array, true)
#6 /var/www/yii/framework/web/CBaseController.php(93): YiiDebugViewRenderer->renderFile(Object(EvaluationController), '/var/www/yii/so...', Array, true)
#7 /var/www/yii/framework/web/CController.php(784): CBaseController->renderFile('/var/www/yii/so...', Array, true)
#8 /var/www/yii/sohu/protected/modules/evaluation/controllers/EvaluationController.php(133): CController->render('index', Array)
#9 /var/www/yii/framework/web/actions/CInlineAction.php(49): EvaluationController->actionIndex()
#10 /var/www/yii/framework/web/CController.php(308): CInlineAction->runWithParams(Array)
#11 /var/www/yii/framework/web/filters/CFilterChain.php(133): CController->runAction(Object(CInlineAction))
#12 /var/www/yii/framework/web/filters/CFilter.php(40): CFilterChain->run()
#13 /var/www/yii/framework/web/CController.php(1145): CFilter->filter(Object(CFilterChain))
#14 /var/www/yii/framework/web/filters/CInlineFilter.php(58): CController->filterAccessControl(Object(CFilterChain))
#15 /var/www/yii/framework/web/filters/CFilterChain.php(130): CInlineFilter->filter(Object(CFilterChain))
#16 /var/www/yii/framework/web/CController.php(291): CFilterChain->run()
#17 /var/www/yii/framework/web/CController.php(265): CController->runActionWithFilters(Object(CInlineAction), Array)
#18 /var/www/yii/framework/web/CWebApplication.php(282): CController->run('index')
#19 /var/www/yii/framework/web/CWebApplication.php(141): CWebApplication->runController('evaluation/eval...')
#20 /var/www/yii/framework/base/CApplication.php(180): CWebApplication->processRequest()
#21 /var/www/yii/sohu/index.php(13): CApplication->run()
#22 {main}
REQUEST_URI=/index.php?r=evaluation/evaluation/index
---
2015/05/13 10:31:45 [error] [exception.CException] exception 'CException' with message 'Property "WLeftMenu.sidebarCaption" is not defined.' in /var/www/yii/framework/base/CComponent.php:173
Stack trace:
#0 /var/www/yii/framework/web/CWidgetFactory.php(161): CComponent->__set('sidebarCaption', 'Menu')
#1 /var/www/yii/framework/web/CBaseController.php(146): CWidgetFactory->createWidget(Object(EvaluationController), 'application.mod...', Array)
#2 /var/www/yii/framework/web/CBaseController.php(172): CBaseController->createWidget('application.mod...', Array)
#3 /var/www/yii/sohu/themes/bootstrap/views/layouts/column2.php(12): CBaseController->widget('application.mod...', Array)
#4 /var/www/yii/framework/web/CBaseController.php(126): require('/var/www/yii/so...')
#5 /var/www/yii/sohu/protected/extensions/yii-debug-toolbar/YiiDebugViewRenderer.php(40): CBaseController->renderInternal('/var/www/yii/so...', Array, true)
#6 /var/www/yii/framework/web/CBaseController.php(93): YiiDebugViewRenderer->renderFile(Object(EvaluationController), '/var/www/yii/so...', Array, true)
#7 /var/www/yii/framework/web/CController.php(784): CBaseController->renderFile('/var/www/yii/so...', Array, true)
#8 /var/www/yii/sohu/protected/modules/evaluation/controllers/EvaluationController.php(133): CController->render('index', Array)
#9 /var/www/yii/framework/web/actions/CInlineAction.php(49): EvaluationController->actionIndex()
#10 /var/www/yii/framework/web/CController.php(308): CInlineAction->runWithParams(Array)
#11 /var/www/yii/framework/web/filters/CFilterChain.php(133): CController->runAction(Object(CInlineAction))
#12 /var/www/yii/framework/web/filters/CFilter.php(40): CFilterChain->run()
#13 /var/www/yii/framework/web/CController.php(1145): CFilter->filter(Object(CFilterChain))
#14 /var/www/yii/framework/web/filters/CInlineFilter.php(58): CController->filterAccessControl(Object(CFilterChain))
#15 /var/www/yii/framework/web/filters/CFilterChain.php(130): CInlineFilter->filter(Object(CFilterChain))
#16 /var/www/yii/framework/web/CController.php(291): CFilterChain->run()
#17 /var/www/yii/framework/web/CController.php(265): CController->runActionWithFilters(Object(CInlineAction), Array)
#18 /var/www/yii/framework/web/CWebApplication.php(282): CController->run('index')
#19 /var/www/yii/framework/web/CWebApplication.php(141): CWebApplication->runController('evaluation/eval...')
#20 /var/www/yii/framework/base/CApplication.php(180): CWebApplication->processRequest()
#21 /var/www/yii/sohu/index.php(13): CApplication->run()
#22 {main}
REQUEST_URI=/index.php?r=evaluation/evaluation/index
---
2015/05/13 10:31:46 [error] [exception.CException] exception 'CException' with message 'Property "WLeftMenu.sidebarCaption" is not defined.' in /var/www/yii/framework/base/CComponent.php:173
Stack trace:
#0 /var/www/yii/framework/web/CWidgetFactory.php(161): CComponent->__set('sidebarCaption', 'Menu')
#1 /var/www/yii/framework/web/CBaseController.php(146): CWidgetFactory->createWidget(Object(EvaluationController), 'application.mod...', Array)
#2 /var/www/yii/framework/web/CBaseController.php(172): CBaseController->createWidget('application.mod...', Array)
#3 /var/www/yii/sohu/themes/bootstrap/views/layouts/column2.php(12): CBaseController->widget('application.mod...', Array)
#4 /var/www/yii/framework/web/CBaseController.php(126): require('/var/www/yii/so...')
#5 /var/www/yii/sohu/protected/extensions/yii-debug-toolbar/YiiDebugViewRenderer.php(40): CBaseController->renderInternal('/var/www/yii/so...', Array, true)
#6 /var/www/yii/framework/web/CBaseController.php(93): YiiDebugViewRenderer->renderFile(Object(EvaluationController), '/var/www/yii/so...', Array, true)
#7 /var/www/yii/framework/web/CController.php(784): CBaseController->renderFile('/var/www/yii/so...', Array, true)
#8 /var/www/yii/sohu/protected/modules/evaluation/controllers/EvaluationController.php(133): CController->render('index', Array)
#9 /var/www/yii/framework/web/actions/CInlineAction.php(49): EvaluationController->actionIndex()
#10 /var/www/yii/framework/web/CController.php(308): CInlineAction->runWithParams(Array)
#11 /var/www/yii/framework/web/filters/CFilterChain.php(133): CController->runAction(Object(CInlineAction))
#12 /var/www/yii/framework/web/filters/CFilter.php(40): CFilterChain->run()
#13 /var/www/yii/framework/web/CController.php(1145): CFilter->filter(Object(CFilterChain))
#14 /var/www/yii/framework/web/filters/CInlineFilter.php(58): CController->filterAccessControl(Object(CFilterChain))
#15 /var/www/yii/framework/web/filters/CFilterChain.php(130): CInlineFilter->filter(Object(CFilterChain))
#16 /var/www/yii/framework/web/CController.php(291): CFilterChain->run()
#17 /var/www/yii/framework/web/CController.php(265): CController->runActionWithFilters(Object(CInlineAction), Array)
#18 /var/www/yii/framework/web/CWebApplication.php(282): CController->run('index')
#19 /var/www/yii/framework/web/CWebApplication.php(141): CWebApplication->runController('evaluation/eval...')
#20 /var/www/yii/framework/base/CApplication.php(180): CWebApplication->processRequest()
#21 /var/www/yii/sohu/index.php(13): CApplication->run()
#22 {main}
REQUEST_URI=/index.php?r=evaluation/evaluation/index
---
2015/05/13 10:33:09 [error] [exception.CException] exception 'CException' with message 'Property "WLeftMenu.menu" is not defined.' in /var/www/yii/framework/base/CComponent.php:173
Stack trace:
#0 /var/www/yii/framework/web/CWidgetFactory.php(161): CComponent->__set('menu', Array)
#1 /var/www/yii/framework/web/CBaseController.php(146): CWidgetFactory->createWidget(Object(EvaluationController), 'application.mod...', Array)
#2 /var/www/yii/framework/web/CBaseController.php(172): CBaseController->createWidget('application.mod...', Array)
#3 /var/www/yii/sohu/themes/bootstrap/views/layouts/column2.php(12): CBaseController->widget('application.mod...', Array)
#4 /var/www/yii/framework/web/CBaseController.php(126): require('/var/www/yii/so...')
#5 /var/www/yii/sohu/protected/extensions/yii-debug-toolbar/YiiDebugViewRenderer.php(40): CBaseController->renderInternal('/var/www/yii/so...', Array, true)
#6 /var/www/yii/framework/web/CBaseController.php(93): YiiDebugViewRenderer->renderFile(Object(EvaluationController), '/var/www/yii/so...', Array, true)
#7 /var/www/yii/framework/web/CController.php(784): CBaseController->renderFile('/var/www/yii/so...', Array, true)
#8 /var/www/yii/sohu/protected/modules/evaluation/controllers/EvaluationController.php(133): CController->render('index', Array)
#9 /var/www/yii/framework/web/actions/CInlineAction.php(49): EvaluationController->actionIndex()
#10 /var/www/yii/framework/web/CController.php(308): CInlineAction->runWithParams(Array)
#11 /var/www/yii/framework/web/filters/CFilterChain.php(133): CController->runAction(Object(CInlineAction))
#12 /var/www/yii/framework/web/filters/CFilter.php(40): CFilterChain->run()
#13 /var/www/yii/framework/web/CController.php(1145): CFilter->filter(Object(CFilterChain))
#14 /var/www/yii/framework/web/filters/CInlineFilter.php(58): CController->filterAccessControl(Object(CFilterChain))
#15 /var/www/yii/framework/web/filters/CFilterChain.php(130): CInlineFilter->filter(Object(CFilterChain))
#16 /var/www/yii/framework/web/CController.php(291): CFilterChain->run()
#17 /var/www/yii/framework/web/CController.php(265): CController->runActionWithFilters(Object(CInlineAction), Array)
#18 /var/www/yii/framework/web/CWebApplication.php(282): CController->run('index')
#19 /var/www/yii/framework/web/CWebApplication.php(141): CWebApplication->runController('evaluation/eval...')
#20 /var/www/yii/framework/base/CApplication.php(180): CWebApplication->processRequest()
#21 /var/www/yii/sohu/index.php(13): CApplication->run()
#22 {main}
REQUEST_URI=/index.php?r=evaluation/evaluation/index
---
2015/05/13 10:33:39 [error] [php] Undefined variable: sidebarCaption (/var/www/yii/sohu/protected/modules/evaluation/widgets/WLeftMenu.php:12)
Stack trace:
#0 /var/www/yii/framework/web/CBaseController.php(126): require()
#1 /var/www/yii/sohu/protected/extensions/yii-debug-toolbar/YiiDebugViewRenderer.php(40): EvaluationController->renderInternal()
#2 /var/www/yii/framework/web/CBaseController.php(93): YiiDebugViewRenderer->renderFile()
#3 /var/www/yii/framework/web/CController.php(784): EvaluationController->renderFile()
#4 /var/www/yii/sohu/protected/modules/evaluation/controllers/EvaluationController.php(133): EvaluationController->render()
#5 /var/www/yii/framework/web/actions/CInlineAction.php(49): EvaluationController->actionIndex()
#6 /var/www/yii/framework/web/CController.php(308): CInlineAction->runWithParams()
#7 /var/www/yii/framework/web/filters/CFilterChain.php(133): EvaluationController->runAction()
#8 /var/www/yii/framework/web/filters/CFilter.php(40): CFilterChain->run()
#9 /var/www/yii/framework/web/CController.php(1145): CAccessControlFilter->filter()
#10 /var/www/yii/framework/web/filters/CInlineFilter.php(58): EvaluationController->filterAccessControl()
#11 /var/www/yii/framework/web/filters/CFilterChain.php(130): CInlineFilter->filter()
#12 /var/www/yii/framework/web/CController.php(291): CFilterChain->run()
#13 /var/www/yii/framework/web/CController.php(265): EvaluationController->runActionWithFilters()
#14 /var/www/yii/framework/web/CWebApplication.php(282): EvaluationController->run()
#15 /var/www/yii/framework/web/CWebApplication.php(141): CWebApplication->runController()
#16 /var/www/yii/framework/base/CApplication.php(180): CWebApplication->processRequest()
#17 /var/www/yii/sohu/index.php(13): CWebApplication->run()
REQUEST_URI=/index.php?r=evaluation/evaluation/index
in /var/www/yii/sohu/protected/modules/evaluation/widgets/WLeftMenu.php (12)
in /var/www/yii/sohu/themes/bootstrap/views/layouts/column2.php (12)
in /var/www/yii/sohu/protected/extensions/yii-debug-toolbar/YiiDebugViewRenderer.php (40)
2015/05/13 10:39:02 [error] [php] Undefined variable: sidebarCaption (/var/www/yii/sohu/protected/modules/evaluation/widgets/WLeftMenu.php:13)
Stack trace:
#0 /var/www/yii/framework/web/CBaseController.php(126): require()
#1 /var/www/yii/sohu/protected/extensions/yii-debug-toolbar/YiiDebugViewRenderer.php(40): EvaluationController->renderInternal()
#2 /var/www/yii/framework/web/CBaseController.php(93): YiiDebugViewRenderer->renderFile()
#3 /var/www/yii/framework/web/CController.php(784): EvaluationController->renderFile()
#4 /var/www/yii/sohu/protected/modules/evaluation/controllers/EvaluationController.php(133): EvaluationController->render()
#5 /var/www/yii/framework/web/actions/CInlineAction.php(49): EvaluationController->actionIndex()
#6 /var/www/yii/framework/web/CController.php(308): CInlineAction->runWithParams()
#7 /var/www/yii/framework/web/filters/CFilterChain.php(133): EvaluationController->runAction()
#8 /var/www/yii/framework/web/filters/CFilter.php(40): CFilterChain->run()
#9 /var/www/yii/framework/web/CController.php(1145): CAccessControlFilter->filter()
#10 /var/www/yii/framework/web/filters/CInlineFilter.php(58): EvaluationController->filterAccessControl()
#11 /var/www/yii/framework/web/filters/CFilterChain.php(130): CInlineFilter->filter()
#12 /var/www/yii/framework/web/CController.php(291): CFilterChain->run()
#13 /var/www/yii/framework/web/CController.php(265): EvaluationController->runActionWithFilters()
#14 /var/www/yii/framework/web/CWebApplication.php(282): EvaluationController->run()
#15 /var/www/yii/framework/web/CWebApplication.php(141): CWebApplication->runController()
#16 /var/www/yii/framework/base/CApplication.php(180): CWebApplication->processRequest()
#17 /var/www/yii/sohu/index.php(13): CWebApplication->run()
REQUEST_URI=/index.php?r=evaluation/evaluation/index
in /var/www/yii/sohu/protected/modules/evaluation/widgets/WLeftMenu.php (13)
in /var/www/yii/sohu/themes/bootstrap/views/layouts/column2.php (12)
in /var/www/yii/sohu/protected/extensions/yii-debug-toolbar/YiiDebugViewRenderer.php (40)
2015/05/13 10:39:25 [error] [php] Undefined variable: sidebarCaption (/var/www/yii/sohu/protected/modules/evaluation/widgets/WLeftMenu.php:13)
Stack trace:
#0 /var/www/yii/framework/web/CBaseController.php(126): require()
#1 /var/www/yii/sohu/protected/extensions/yii-debug-toolbar/YiiDebugViewRenderer.php(40): EvaluationController->renderInternal()
#2 /var/www/yii/framework/web/CBaseController.php(93): YiiDebugViewRenderer->renderFile()
#3 /var/www/yii/framework/web/CController.php(784): EvaluationController->renderFile()
#4 /var/www/yii/sohu/protected/modules/evaluation/controllers/EvaluationController.php(133): EvaluationController->render()
#5 /var/www/yii/framework/web/actions/CInlineAction.php(49): EvaluationController->actionIndex()
#6 /var/www/yii/framework/web/CController.php(308): CInlineAction->runWithParams()
#7 /var/www/yii/framework/web/filters/CFilterChain.php(133): EvaluationController->runAction()
#8 /var/www/yii/framework/web/filters/CFilter.php(40): CFilterChain->run()
#9 /var/www/yii/framework/web/CController.php(1145): CAccessControlFilter->filter()
#10 /var/www/yii/framework/web/filters/CInlineFilter.php(58): EvaluationController->filterAccessControl()
#11 /var/www/yii/framework/web/filters/CFilterChain.php(130): CInlineFilter->filter()
#12 /var/www/yii/framework/web/CController.php(291): CFilterChain->run()
#13 /var/www/yii/framework/web/CController.php(265): EvaluationController->runActionWithFilters()
#14 /var/www/yii/framework/web/CWebApplication.php(282): EvaluationController->run()
#15 /var/www/yii/framework/web/CWebApplication.php(141): CWebApplication->runController()
#16 /var/www/yii/framework/base/CApplication.php(180): CWebApplication->processRequest()
#17 /var/www/yii/sohu/index.php(13): CWebApplication->run()
REQUEST_URI=/index.php?r=evaluation/evaluation/index
in /var/www/yii/sohu/protected/modules/evaluation/widgets/WLeftMenu.php (13)
in /var/www/yii/sohu/themes/bootstrap/views/layouts/column2.php (12)
in /var/www/yii/sohu/protected/extensions/yii-debug-toolbar/YiiDebugViewRenderer.php (40)
2015/05/13 10:39:26 [error] [php] Undefined variable: sidebarCaption (/var/www/yii/sohu/protected/modules/evaluation/widgets/WLeftMenu.php:13)
Stack trace:
#0 /var/www/yii/framework/web/CBaseController.php(126): require()
#1 /var/www/yii/sohu/protected/extensions/yii-debug-toolbar/YiiDebugViewRenderer.php(40): EvaluationController->renderInternal()
#2 /var/www/yii/framework/web/CBaseController.php(93): YiiDebugViewRenderer->renderFile()
#3 /var/www/yii/framework/web/CController.php(784): EvaluationController->renderFile()
#4 /var/www/yii/sohu/protected/modules/evaluation/controllers/EvaluationController.php(133): EvaluationController->render()
#5 /var/www/yii/framework/web/actions/CInlineAction.php(49): EvaluationController->actionIndex()
#6 /var/www/yii/framework/web/CController.php(308): CInlineAction->runWithParams()
#7 /var/www/yii/framework/web/filters/CFilterChain.php(133): EvaluationController->runAction()
#8 /var/www/yii/framework/web/filters/CFilter.php(40): CFilterChain->run()
#9 /var/www/yii/framework/web/CController.php(1145): CAccessControlFilter->filter()
#10 /var/www/yii/framework/web/filters/CInlineFilter.php(58): EvaluationController->filterAccessControl()
#11 /var/www/yii/framework/web/filters/CFilterChain.php(130): CInlineFilter->filter()
#12 /var/www/yii/framework/web/CController.php(291): CFilterChain->run()
#13 /var/www/yii/framework/web/CController.php(265): EvaluationController->runActionWithFilters()
#14 /var/www/yii/framework/web/CWebApplication.php(282): EvaluationController->run()
#15 /var/www/yii/framework/web/CWebApplication.php(141): CWebApplication->runController()
#16 /var/www/yii/framework/base/CApplication.php(180): CWebApplication->processRequest()
#17 /var/www/yii/sohu/index.php(13): CWebApplication->run()
REQUEST_URI=/index.php?r=evaluation/evaluation/index
in /var/www/yii/sohu/protected/modules/evaluation/widgets/WLeftMenu.php (13)
in /var/www/yii/sohu/themes/bootstrap/views/layouts/column2.php (12)
in /var/www/yii/sohu/protected/extensions/yii-debug-toolbar/YiiDebugViewRenderer.php (40)
2015/05/13 11:00:10 [error] [php] Undefined variable: sidebarCaption (/var/www/yii/sohu/protected/modules/evaluation/widgets/WLeftMenu.php:14)
Stack trace:
#0 /var/www/yii/framework/web/CBaseController.php(126): require()
#1 /var/www/yii/sohu/protected/extensions/yii-debug-toolbar/YiiDebugViewRenderer.php(40): EvaluationController->renderInternal()
#2 /var/www/yii/framework/web/CBaseController.php(93): YiiDebugViewRenderer->renderFile()
#3 /var/www/yii/framework/web/CController.php(784): EvaluationController->renderFile()
#4 /var/www/yii/sohu/protected/modules/evaluation/controllers/EvaluationController.php(133): EvaluationController->render()
#5 /var/www/yii/framework/web/actions/CInlineAction.php(49): EvaluationController->actionIndex()
#6 /var/www/yii/framework/web/CController.php(308): CInlineAction->runWithParams()
#7 /var/www/yii/framework/web/filters/CFilterChain.php(133): EvaluationController->runAction()
#8 /var/www/yii/framework/web/filters/CFilter.php(40): CFilterChain->run()
#9 /var/www/yii/framework/web/CController.php(1145): CAccessControlFilter->filter()
#10 /var/www/yii/framework/web/filters/CInlineFilter.php(58): EvaluationController->filterAccessControl()
#11 /var/www/yii/framework/web/filters/CFilterChain.php(130): CInlineFilter->filter()
#12 /var/www/yii/framework/web/CController.php(291): CFilterChain->run()
#13 /var/www/yii/framework/web/CController.php(265): EvaluationController->runActionWithFilters()
#14 /var/www/yii/framework/web/CWebApplication.php(282): EvaluationController->run()
#15 /var/www/yii/framework/web/CWebApplication.php(141): CWebApplication->runController()
#16 /var/www/yii/framework/base/CApplication.php(180): CWebApplication->processRequest()
#17 /var/www/yii/sohu/index.php(13): CWebApplication->run()
REQUEST_URI=/index.php?r=evaluation/evaluation/index
in /var/www/yii/sohu/protected/modules/evaluation/widgets/WLeftMenu.php (14)
in /var/www/yii/sohu/themes/bootstrap/views/layouts/column2.php (12)
in /var/www/yii/sohu/protected/extensions/yii-debug-toolbar/YiiDebugViewRenderer.php (40)
2015/05/13 11:00:11 [error] [php] Undefined variable: sidebarCaption (/var/www/yii/sohu/protected/modules/evaluation/widgets/WLeftMenu.php:14)
Stack trace:
#0 /var/www/yii/framework/web/CBaseController.php(126): require()
#1 /var/www/yii/sohu/protected/extensions/yii-debug-toolbar/YiiDebugViewRenderer.php(40): EvaluationController->renderInternal()
#2 /var/www/yii/framework/web/CBaseController.php(93): YiiDebugViewRenderer->renderFile()
#3 /var/www/yii/framework/web/CController.php(784): EvaluationController->renderFile()
#4 /var/www/yii/sohu/protected/modules/evaluation/controllers/EvaluationController.php(133): EvaluationController->render()
#5 /var/www/yii/framework/web/actions/CInlineAction.php(49): EvaluationController->actionIndex()
#6 /var/www/yii/framework/web/CController.php(308): CInlineAction->runWithParams()
#7 /var/www/yii/framework/web/filters/CFilterChain.php(133): EvaluationController->runAction()
#8 /var/www/yii/framework/web/filters/CFilter.php(40): CFilterChain->run()
#9 /var/www/yii/framework/web/CController.php(1145): CAccessControlFilter->filter()
#10 /var/www/yii/framework/web/filters/CInlineFilter.php(58): EvaluationController->filterAccessControl()
#11 /var/www/yii/framework/web/filters/CFilterChain.php(130): CInlineFilter->filter()
#12 /var/www/yii/framework/web/CController.php(291): CFilterChain->run()
#13 /var/www/yii/framework/web/CController.php(265): EvaluationController->runActionWithFilters()
#14 /var/www/yii/framework/web/CWebApplication.php(282): EvaluationController->run()
#15 /var/www/yii/framework/web/CWebApplication.php(141): CWebApplication->runController()
#16 /var/www/yii/framework/base/CApplication.php(180): CWebApplication->processRequest()
#17 /var/www/yii/sohu/index.php(13): CWebApplication->run()
REQUEST_URI=/index.php?r=evaluation/evaluation/index
in /var/www/yii/sohu/protected/modules/evaluation/widgets/WLeftMenu.php (14)
in /var/www/yii/sohu/themes/bootstrap/views/layouts/column2.php (12)
in /var/www/yii/sohu/protected/extensions/yii-debug-toolbar/YiiDebugViewRenderer.php (40)
2015/05/13 11:00:52 [error] [exception.CException] exception 'CException' with message 'Property "WLeftMenu.sidebarCaption" is not defined.' in /var/www/yii/framework/base/CComponent.php:173
Stack trace:
#0 /var/www/yii/framework/web/CWidgetFactory.php(161): CComponent->__set('sidebarCaption', '111')
#1 /var/www/yii/framework/web/CBaseController.php(146): CWidgetFactory->createWidget(Object(EvaluationController), 'application.mod...', Array)
#2 /var/www/yii/framework/web/CBaseController.php(172): CBaseController->createWidget('application.mod...', Array)
#3 /var/www/yii/sohu/themes/bootstrap/views/layouts/column2.php(12): CBaseController->widget('application.mod...', Array)
#4 /var/www/yii/framework/web/CBaseController.php(126): require('/var/www/yii/so...')
#5 /var/www/yii/sohu/protected/extensions/yii-debug-toolbar/YiiDebugViewRenderer.php(40): CBaseController->renderInternal('/var/www/yii/so...', Array, true)
#6 /var/www/yii/framework/web/CBaseController.php(93): YiiDebugViewRenderer->renderFile(Object(EvaluationController), '/var/www/yii/so...', Array, true)
#7 /var/www/yii/framework/web/CController.php(784): CBaseController->renderFile('/var/www/yii/so...', Array, true)
#8 /var/www/yii/sohu/protected/modules/evaluation/controllers/EvaluationController.php(133): CController->render('index', Array)
#9 /var/www/yii/framework/web/actions/CInlineAction.php(49): EvaluationController->actionIndex()
#10 /var/www/yii/framework/web/CController.php(308): CInlineAction->runWithParams(Array)
#11 /var/www/yii/framework/web/filters/CFilterChain.php(133): CController->runAction(Object(CInlineAction))
#12 /var/www/yii/framework/web/filters/CFilter.php(40): CFilterChain->run()
#13 /var/www/yii/framework/web/CController.php(1145): CFilter->filter(Object(CFilterChain))
#14 /var/www/yii/framework/web/filters/CInlineFilter.php(58): CController->filterAccessControl(Object(CFilterChain))
#15 /var/www/yii/framework/web/filters/CFilterChain.php(130): CInlineFilter->filter(Object(CFilterChain))
#16 /var/www/yii/framework/web/CController.php(291): CFilterChain->run()
#17 /var/www/yii/framework/web/CController.php(265): CController->runActionWithFilters(Object(CInlineAction), Array)
#18 /var/www/yii/framework/web/CWebApplication.php(282): CController->run('index')
#19 /var/www/yii/framework/web/CWebApplication.php(141): CWebApplication->runController('evaluation/eval...')
#20 /var/www/yii/framework/base/CApplication.php(180): CWebApplication->processRequest()
#21 /var/www/yii/sohu/index.php(13): CApplication->run()
#22 {main}
REQUEST_URI=/index.php?r=evaluation/evaluation/index
---
2015/05/13 11:01:04 [error] [php] Invalid argument supplied for foreach() (/var/www/yii/framework/zii/widgets/CMenu.php:263)
Stack trace:
#0 /var/www/yii/framework/web/CBaseController.php(172): WLeftMenu->createWidget()
#1 /var/www/yii/sohu/protected/modules/evaluation/widgets/views/left_menu.php(9): WLeftMenu->widget()
#2 /var/www/yii/framework/web/CBaseController.php(130): require()
#3 /var/www/yii/sohu/protected/extensions/yii-debug-toolbar/YiiDebugViewRenderer.php(40): WLeftMenu->renderInternal()
#4 /var/www/yii/framework/web/CBaseController.php(93): YiiDebugViewRenderer->renderFile()
#5 /var/www/yii/framework/web/widgets/CWidget.php(244): WLeftMenu->renderFile()
#6 /var/www/yii/sohu/protected/modules/evaluation/widgets/WLeftMenu.php(15): WLeftMenu->render()
#7 /var/www/yii/framework/web/CBaseController.php(173): WLeftMenu->run()
#8 /var/www/yii/sohu/themes/bootstrap/views/layouts/column2.php(12): EvaluationController->widget()
#9 /var/www/yii/framework/web/CBaseController.php(126): require()
#10 /var/www/yii/sohu/protected/extensions/yii-debug-toolbar/YiiDebugViewRenderer.php(40): EvaluationController->renderInternal()
#11 /var/www/yii/framework/web/CBaseController.php(93): YiiDebugViewRenderer->renderFile()
#12 /var/www/yii/framework/web/CController.php(784): EvaluationController->renderFile()
#13 /var/www/yii/sohu/protected/modules/evaluation/controllers/EvaluationController.php(133): EvaluationController->render()
#14 /var/www/yii/framework/web/actions/CInlineAction.php(49): EvaluationController->actionIndex()
#15 /var/www/yii/framework/web/CController.php(308): CInlineAction->runWithParams()
#16 /var/www/yii/framework/web/filters/CFilterChain.php(133): EvaluationController->runAction()
#17 /var/www/yii/framework/web/filters/CFilter.php(40): CFilterChain->run()
#18 /var/www/yii/framework/web/CController.php(1145): CAccessControlFilter->filter()
#19 /var/www/yii/framework/web/filters/CInlineFilter.php(58): EvaluationController->filterAccessControl()
#20 /var/www/yii/framework/web/filters/CFilterChain.php(130): CInlineFilter->filter()
#21 /var/www/yii/framework/web/CController.php(291): CFilterChain->run()
#22 /var/www/yii/framework/web/CController.php(265): EvaluationController->runActionWithFilters()
#23 /var/www/yii/framework/web/CWebApplication.php(282): EvaluationController->run()
#24 /var/www/yii/framework/web/CWebApplication.php(141): CWebApplication->runController()
#25 /var/www/yii/framework/base/CApplication.php(180): CWebApplication->processRequest()
#26 /var/www/yii/sohu/index.php(13): CWebApplication->run()
REQUEST_URI=/index.php?r=evaluation/evaluation/index
in /var/www/yii/sohu/protected/modules/evaluation/widgets/views/left_menu.php (9)
in /var/www/yii/sohu/protected/extensions/yii-debug-toolbar/YiiDebugViewRenderer.php (40)
in /var/www/yii/sohu/protected/modules/evaluation/widgets/WLeftMenu.php (15)
2015/05/13 11:01:39 [error] [php] Invalid argument supplied for foreach() (/var/www/yii/framework/zii/widgets/CMenu.php:263)
Stack trace:
#0 /var/www/yii/framework/web/CBaseController.php(172): WLeftMenu->createWidget()
#1 /var/www/yii/sohu/protected/modules/evaluation/widgets/views/left_menu.php(9): WLeftMenu->widget()
#2 /var/www/yii/framework/web/CBaseController.php(130): require()
#3 /var/www/yii/sohu/protected/extensions/yii-debug-toolbar/YiiDebugViewRenderer.php(40): WLeftMenu->renderInternal()
#4 /var/www/yii/framework/web/CBaseController.php(93): YiiDebugViewRenderer->renderFile()
#5 /var/www/yii/framework/web/widgets/CWidget.php(244): WLeftMenu->renderFile()
#6 /var/www/yii/sohu/protected/modules/evaluation/widgets/WLeftMenu.php(15): WLeftMenu->render()
#7 /var/www/yii/framework/web/CBaseController.php(173): WLeftMenu->run()
#8 /var/www/yii/sohu/themes/bootstrap/views/layouts/column2.php(12): EvaluationController->widget()
#9 /var/www/yii/framework/web/CBaseController.php(126): require()
#10 /var/www/yii/sohu/protected/extensions/yii-debug-toolbar/YiiDebugViewRenderer.php(40): EvaluationController->renderInternal()
#11 /var/www/yii/framework/web/CBaseController.php(93): YiiDebugViewRenderer->renderFile()
#12 /var/www/yii/framework/web/CController.php(784): EvaluationController->renderFile()
#13 /var/www/yii/sohu/protected/modules/evaluation/controllers/EvaluationController.php(133): EvaluationController->render()
#14 /var/www/yii/framework/web/actions/CInlineAction.php(49): EvaluationController->actionIndex()
#15 /var/www/yii/framework/web/CController.php(308): CInlineAction->runWithParams()
#16 /var/www/yii/framework/web/filters/CFilterChain.php(133): EvaluationController->runAction()
#17 /var/www/yii/framework/web/filters/CFilter.php(40): CFilterChain->run()
#18 /var/www/yii/framework/web/CController.php(1145): CAccessControlFilter->filter()
#19 /var/www/yii/framework/web/filters/CInlineFilter.php(58): EvaluationController->filterAccessControl()
#20 /var/www/yii/framework/web/filters/CFilterChain.php(130): CInlineFilter->filter()
#21 /var/www/yii/framework/web/CController.php(291): CFilterChain->run()
#22 /var/www/yii/framework/web/CController.php(265): EvaluationController->runActionWithFilters()
#23 /var/www/yii/framework/web/CWebApplication.php(282): EvaluationController->run()
#24 /var/www/yii/framework/web/CWebApplication.php(141): CWebApplication->runController()
#25 /var/www/yii/framework/base/CApplication.php(180): CWebApplication->processRequest()
#26 /var/www/yii/sohu/index.php(13): CWebApplication->run()
REQUEST_URI=/index.php?r=evaluation/evaluation/index
in /var/www/yii/sohu/protected/modules/evaluation/widgets/views/left_menu.php (9)
in /var/www/yii/sohu/protected/extensions/yii-debug-toolbar/YiiDebugViewRenderer.php (40)
in /var/www/yii/sohu/protected/modules/evaluation/widgets/WLeftMenu.php (15)
2015/05/13 11:01:40 [error] [php] Invalid argument supplied for foreach() (/var/www/yii/framework/zii/widgets/CMenu.php:263)
Stack trace:
#0 /var/www/yii/framework/web/CBaseController.php(172): WLeftMenu->createWidget()
#1 /var/www/yii/sohu/protected/modules/evaluation/widgets/views/left_menu.php(9): WLeftMenu->widget()
#2 /var/www/yii/framework/web/CBaseController.php(130): require()
#3 /var/www/yii/sohu/protected/extensions/yii-debug-toolbar/YiiDebugViewRenderer.php(40): WLeftMenu->renderInternal()
#4 /var/www/yii/framework/web/CBaseController.php(93): YiiDebugViewRenderer->renderFile()
#5 /var/www/yii/framework/web/widgets/CWidget.php(244): WLeftMenu->renderFile()
#6 /var/www/yii/sohu/protected/modules/evaluation/widgets/WLeftMenu.php(15): WLeftMenu->render()
#7 /var/www/yii/framework/web/CBaseController.php(173): WLeftMenu->run()
#8 /var/www/yii/sohu/themes/bootstrap/views/layouts/column2.php(12): EvaluationController->widget()
#9 /var/www/yii/framework/web/CBaseController.php(126): require()
#10 /var/www/yii/sohu/protected/extensions/yii-debug-toolbar/YiiDebugViewRenderer.php(40): EvaluationController->renderInternal()
#11 /var/www/yii/framework/web/CBaseController.php(93): YiiDebugViewRenderer->renderFile()
#12 /var/www/yii/framework/web/CController.php(784): EvaluationController->renderFile()
#13 /var/www/yii/sohu/protected/modules/evaluation/controllers/EvaluationController.php(133): EvaluationController->render()
#14 /var/www/yii/framework/web/actions/CInlineAction.php(49): EvaluationController->actionIndex()
#15 /var/www/yii/framework/web/CController.php(308): CInlineAction->runWithParams()
#16 /var/www/yii/framework/web/filters/CFilterChain.php(133): EvaluationController->runAction()
#17 /var/www/yii/framework/web/filters/CFilter.php(40): CFilterChain->run()
#18 /var/www/yii/framework/web/CController.php(1145): CAccessControlFilter->filter()
#19 /var/www/yii/framework/web/filters/CInlineFilter.php(58): EvaluationController->filterAccessControl()
#20 /var/www/yii/framework/web/filters/CFilterChain.php(130): CInlineFilter->filter()
#21 /var/www/yii/framework/web/CController.php(291): CFilterChain->run()
#22 /var/www/yii/framework/web/CController.php(265): EvaluationController->runActionWithFilters()
#23 /var/www/yii/framework/web/CWebApplication.php(282): EvaluationController->run()
#24 /var/www/yii/framework/web/CWebApplication.php(141): CWebApplication->runController()
#25 /var/www/yii/framework/base/CApplication.php(180): CWebApplication->processRequest()
#26 /var/www/yii/sohu/index.php(13): CWebApplication->run()
REQUEST_URI=/index.php?r=evaluation/evaluation/index
in /var/www/yii/sohu/protected/modules/evaluation/widgets/views/left_menu.php (9)
in /var/www/yii/sohu/protected/extensions/yii-debug-toolbar/YiiDebugViewRenderer.php (40)
in /var/www/yii/sohu/protected/modules/evaluation/widgets/WLeftMenu.php (15)
